<?xml version="1.0" encoding="UTF-8"?>
<testsuite xmlns:xsi="http://www.w3.org/2001/XMLSchema-instance" xsi:noNamespaceSchemaLocation="https://maven.apache.org/surefire/maven-surefire-plugin/xsd/surefire-test-report.xsd" name="TestSuite" time="22.913" tests="9" errors="0" skipped="0" failures="1">
  <properties>
[...]
</properties>
  <testcase name="getAllUsersTest" classname="com.qa.gorest.tests.GetUserTest" time="3.274"/>
  <testcase name="getUserTest" classname="com.qa.gorest.tests.GetUserTest" time="1.131">
    <failure message="1 expectation failed.&#10;Expected status code &lt;200&gt; but was &lt;404&gt;.&#10;" type="java.lang.AssertionError"><![CDATA[java.lang.AssertionError: 
1 expectation failed.
Expected status code <200> but was <404>.

	at com.qa.gorest.tests.GetUserTest.getUserTest(GetUserTest.java:36)
]]></failure>
    <system-out><![CDATA[Request method:	GET
Request URI:	https://gorest.co.in/public/v2/users/5716397
Proxy:			<none>
Request params:	<none>
Query params:	<none>
Form params:	<none>
Path params:	<none>
Headers:		Authorization=Bearer 1fc7eed13a610131a3adaa015ae833b97cc2be0f35a587c9cb6e710f41a91c7b
				Accept=*/*
Cookies:		<none>
Multiparts:		<none>
Body:			<none>
HTTP/1.1 404 Not Found
Date: Thu, 30 Nov 2023 17:33:13 GMT
Content-Type: application/json; charset=utf-8
Content-Length: 32
Connection: keep-alive
Cache-Control: no-cache
referrer-policy: strict-origin-when-cross-origin
vary: Origin
x-content-type-options: nosniff
x-download-options: noopen
x-frame-options: SAMEORIGIN
x-permitted-cross-domain-policies: none
x-ratelimit-limit: 90
x-ratelimit-remaining: 89
x-ratelimit-reset: 1
x-request-id: 4b55fb63-1c03-47d5-9543-84c1868fd69a
x-runtime: 0.103478
x-xss-protection: 0
CF-Cache-Status: DYNAMIC
Report-To: {"endpoints":[{"url":"https:\/\/a.nel.cloudflare.com\/report\/v3?s=3utJaH%2Bg1qCYGbquii7VXrBB%2Br4F3PVVcusAYB9DkSFad6%2BhjqAHGqR417RFD2MKoD6CArdcNKGjVnKevK8kqDcysr9mzpZxaU5Nvn1Q%2FI%2B%2Bx1E3pAusjWSy2%2BjCJ6c%3D"}],"group":"cf-nel","max_age":604800}
NEL: {"success_fraction":0,"report_to":"cf-nel","max_age":604800}
Server: cloudflare
CF-RAY: 82e4d58a8af46b95-DFW
alt-svc: h3=":443"; ma=86400

{
    "message": "Resource not found"
}
]]></system-out>
  </testcase>
  <testcase name="getUserWithQueryParamsTest" classname="com.qa.gorest.tests.GetUserTest" time="1.113"/>
  <testcase name="createUserTest" classname="com.qa.gorest.tests.CreateUserTest" time="3.773"/>
  <testcase name="createUserTest" classname="com.qa.gorest.tests.CreateUserTest" time="2.206"/>
  <testcase name="createUserTest" classname="com.qa.gorest.tests.CreateUserTest" time="4.726"/>
  <testcase name="createUserTest" classname="com.qa.gorest.tests.CreateUserTest" time="2.175"/>
  <testcase name="getCircuitTest" classname="com.qa.gorest.tests.CircuitTest" time="0.506"/>
  <testcase name="getReqResUsersTest" classname="com.qa.gorest.tests.ReqResAPITest" time="0.189"/>
</testsuite>