<?xml version="1.0" encoding="UTF-8"?>
<!-- Generated by org.testng.reporters.JUnitXMLReporter -->
<testsuite ignored="0" hostname="AKA" failures="0" tests="4" name="Go Rest API Create User Test" time="13.876" errors="0" timestamp="2023-11-30T11:33:27 CST">
  <testcase classname="com.qa.gorest.tests.CreateUserTest" name="createUserTest" time="3.773"/>
  <testcase classname="com.qa.gorest.tests.CreateUserTest" name="createUserTest" time="2.221"/>
  <testcase classname="com.qa.gorest.tests.CreateUserTest" name="createUserTest" time="4.726"/>
  <testcase classname="com.qa.gorest.tests.CreateUserTest" name="createUserTest" time="2.175"/>
</testsuite> <!-- Go Rest API Create User Test -->
